424384449350991892
false
LETTER_5
7647
14
56
64
?
term=true=용어
rapidly=true=재빨리
antelope=true=영양
garbage=true=쓰레기
expert=false=전문적인
shelter=true=피난처
destroy=true=파괴하다
fossil fuel=true=화석연료
critical=false=심각하게
expertise=false=전문적인
essential=true=필수적인
protect=true=보호하다
rewarding=false=가치가 잇는
Not just A but also B=true=A뿐만 아니라 B도
artificial=true=인공의
dinosaur=true=공룡
convenient=true=편리한
keystone=true=핵심
nutrient=true=영양소
balance=true=균형
professor=true=교수
prevent=true=예방하다
predator=true=포식자
fine dust=true=미세먼지
identified=true=식별된
inspire=true=영감을주다
recovery=false=회복하다
diversity=true=다양성
donate=true=기부하다
disturb=true=방해하다
atmosphere=true=공기
arch=true=아치
landfill=true=매립지
pollution=true=오염
mussel=true=홍합
inspiration=true=영감
endangered=true=멸종위기에처한
ecosystem=true=생태계
zoology=true=동물학
amusement park=true=놀이공원
declining=false=쇠퇴
discuss=true=논하다
migrate=true=이주하다
marine=true=해양의
indifferent=true=무관심한
lung=true=폐
grocery store=true=식료품점
observe=true=관찰하다
hyena=true=하이에나
annually=true=해마다
collapse=true=붕괴하다
species=true=종
significantly=true=중대하게
remove=true=제거하다
public awareness=true=대중의 인식
recycle=false=재활용
period=true=기간
maintain=true=유지하다
plain=true=평야
focus on=false=집중하다
spread=true=펼치다
toxic=true=독성의
carbon=true=탄소
preys=true=먹이
