524868734054039554
false
LETTER_6
4141
12
30
56
conduct=true=지휘하다
appreciate=true=감사하다
performance=true=공연
pure=true=순수한
composition=true=작곡
call=true=부르다
thousands of=true=수천의
marriage=true=결합
inspiration=true=영감
participant=true=참가자
audience=true=청중
virtual reality=true=가상현실
go to any length to=false=~하기 위해 노력하다
zoom out=true=축소하다
along=true=함께
among=false=~로
background=true=배경
feature=true=주연하다
circumstance=true=환경
inspire=true=영감을 주다
release=true=출시하다
electronic=true=전자의
renew=true=갱신하다
comport=true=행동하다
row=true=열
zoom in=true=확대하다
post=false=출간하다
go through=false=~를 살펴보다
connectivity=true=연결성
bring ~ together=false=합치다
on one's own=true=혼자서
touched=true=감동받다
prefer=false=선호
sent out a call=false=겪다
choir=false=합창
choral=true=합창의
Have you heard about A=false=A에 대해 들어본 적 있니
perform=true=공연하다
alone=true=혼자
exhibition=.= 
put together=.= 
asleep=.= 
impressionist=.= 
be moved=.= 
conclusion=.= 
in person=.= 
Which do you prefer A or B=.= 
bond=.= 
circumstances=.= 
composer=.= 
modern=.= 
virtual=.= 
even=.= 
seldom=.= 
despite=.= 
soul=.= 
