934837603344220201
LETTER_6
5030
10
41
54
sent out a call=true=요청했다
composition=true=작곡
inspire=false=영감을 주더
go to any length to=false=모든일에 노력하다
seldom=false=?
despite=true=~에도 불구하고
choir=true=합창단
participant=true=참가자
conduct=true=지휘하다
bond=true=유대
soul=true=사람
virtual reality=true=가상현실
circumstances=false=?????????
conclusion=false=??
post=true=게시하다
feature=true=주연하다
electronic=true=전자의
asleep=false=?
connectivity=true=연결성
along=true=함께
release=true=발표하다
perform=true=공연하다
marriage=true=결합
zoom in=true=확대하다
composer=true=작곡가
background=true=배경
among=false=?
be moved=false=몰라ㅇ잉
call=true=부르다
comport=false=?
go through=true=겪다
row=true=열
impressionist=false=억
performance=true=공연
even=true=심지어
put together=true=합치다
choral=true=합창의
zoom out=true=축소하다
alone=true=혼자서
in person=true=직접
thousands of=true=수천의
pure=true=순수한
appreciate=true=감사하다
circumstance=false=몰
touched=false=만졌따
exhibition=true=전시회
virtual=true=가상의
modern=true=현대적인
bring ~ together=true=결합하다
inspiration=true=영감
prefer=false=추천하다
renew=true=갱신하다
audience=true=청중
on one's own=true=스스로
