424384449350991892
false
MEANS_5
8948
29
57
64
하이에나=true=hyena
용어, 학기, 기간=true=term
가치가 있는=true=rewarding
쇠퇴하는, 소멸되는, 감소하는=true=declining
흩뿌리다, 펼치다, 확산시키다, 퍼트리다=true=spread
제거하다, 삭제하다, 치우다=true=remove
방해하다, 교란시키다, 교란하다, 건드리다, 불안하게 하다=true=disturb
먹이=true=preys
피난처, 대피소, 보호소=true=shelter
파괴하다=false=distroy
영감=true=inspiration
홍합, 담치=true=mussel
교수=true=professor
재빨리, 신속히=true=rapidly
확인된, 인정된, 식별된=true=identified
영양소, 영양분=true=nutrient
인공의=true=artificial
쐬기돌, 핵심=true=keystone
관찰하다=true=observe
오염=false=polution
동물학=true=zoology
종=false=speices
~에 집중하다, ~에 주력하다, ~에 초점을 맞추다=true=focus on
대기, 공기=true=atmosphere
이주하다, 이동하다, 옮기다=true=migrate
전문 지식, 전문 분야=false=experise
탄소=true=carbon
무관심한=true=indifferent
대중의 인식=true=public awareness
평야, 초원=false=plains
편리한=true=convenient
영양=false=antrope
필수적인=true=essential
위기의, 심각한, 위태로운, 비판적인=true=critical
공룡=true=dinosaur
유지하다=true=maintain
식료품점=true=grocery store
전문가, 전문가의=true=expert
놀이공원=true=amusement park
매립지, 쓰레기 매립지=true=landfill
중대하게=true=significantly
아치=true=arch
미세 먼지=true=fine dust
쓰레기=true=garbage
해마다=true=annually
회복, 되찾음=true=recovery
붕괴하다=true=collapse
해양의, 바다의=true=marine
독성의, 독극물의, 유독성의=true=toxic
막다, 예방하다=true=prevent
재활용하다=true=recycle
화석 연료=true=fossil fuel
A뿐만 아니라 B도=true=not just A but also B
보호하다, 보장하다=true=protect
다양성=true=diversity
폐=true=lung
기부하다, 기증하다, 후원하다=true=donate
멸종 위기에 처한=true=endangered
균형=true=balance
생태계=true=ecosystem
상의하다, 논하다, 토론하다=true=discuss
영감을 주다=false=inspiration
기간, 시대, 시기, 주기=true=period
포식자, 육식동물=true=predator
