524868734054039554
false
LETTER_5
6000
9
49
64
?
maintain=true=유지하다
zoology=true=동물학
rapidly=true=신속히
marine=true=해양의
diversity=true=다양성
period=true=기간
atmosphere=false=?
arch=true=아치
critical=false=치명적인
plain=true=초원
inspire=false=?
lung=true=폐
artificial=false=인위적인
grocery store=true=식료품점
keystone=true=핵심
donate=true=기부하다
migrate=true=이주하다
preys=false=?
remove=true=제거하다
nutrient=true=영양분
focus on=true=~에 집중하다
hyena=true=하이에나
predator=true=포식자
recycle=false=재활용
ecosystem=true=생태계
inspiration=true=영감
declining=false=감소하다
fine dust=true=미세먼지
discuss=false=?
Not just A but also B=true=A 뿐만 아니라 B도
toxic=true=독성의
recovery=true=회복
landfill=true=매립지
professor=true=교수
balance=true=균형
term=true=용어
prevent=true=막다
protect=true=보호하다
annually=false=으로
convenient=false=?
antelope=true=영양
spread=true=흩뿌리다
endangered=true=멸종 위기에 처한
destroy=true=파괴하다
indifferent=true=무관심한
pollution=false=?
shelter=true=대피소
species=true=종
significantly=false=적으로
amusement park=true=놀이공원
dinosaur=true=공룡
expertise=false=전문가
public awareness=true=대중의 인식
garbage=true=쓰레기
expert=false=전문적인
mussel=true=홍합
essential=true=필수적인
collapse=true=붕괴하다
fossil fuel=true=화석연료
observe=true=관찰하다
rewarding=true=가치가 있는
disturb=true=방해하다
carbon=true=탄소
identified=false=?
