934837603344220201
false
MEANS_6
4631
8
36
55
?
참가자=true=participant
영감을 주다=true=inspire
전시회=true=exhibition
영감=true=inspiration
가상현실=true=virtual reality
환경, 형편=false=?
청중, 관중=true=audience
감사하다=false=appraciate
갱신하다=true=renew
A에 대해 들어본 적 있나요?, A에 대해 들어보셨나요?=false=?
순수한, 깨끗한=true=pure
배경=true=background
축소하다=true=Zoom out
~하기 위해 무엇이든 하다, 모든 노력을 다하다=false=?
직접=true=in person
합창의=true=choral
지휘하다, 수행하다=true=conduct
합창단, 성가대=true=choir
작곡가=false=comporser
결합, 결혼=true=marriage
수천의, 수천가지의, 수천개의=false=thousends of
혼자, 혼자서=true=alone
부르다, 전화하다, 연락하다, 호출하다=true=call
선호하다, 좋아하다=true=prefer
잠이 든, 자고 있는=true=asleep
A와 B중 무엇을 더 선호하시나요?=false=?
전자의=true=electronic
사람, 영혼, 혼, 마음, 정신=true=soul
~에 둘러싸인, ~가운데, ~중에, 중에서, ~간에=false=?
심지어=true=even
감동받다, 감명을 받다, 감명받다=false=?
열, 줄=true=row
결론, 결말=false=?
합하다, 합치다=true=put together
결합하다, 하나로 모으다=false=bring ~together
인상파의=false=?
겪다, 경험하다=true=go through
혼자서, 스스로=false=along
가상의=true=virtual
공연, 수행=false=perform
확대하다=true=zoom in
중요한 역할을 하다, 주연하다=false=featual
~에도 불구하고=true=despite
작곡=true=composition
함께=true=along
게시하다=true=post
유대, 유대감=true=bond
요청했다=true=sent out a call
연결성=true=connectivity
발표하다, 출시하다, 공개하다, 석방하다, 해방하다, 놓아주다, 발간하다=true=release
행동하다=false=?
공연하다=false=performance
사정, 상황=false=?
현대적인, 현대의=true=modern
좀처럼 않는, 좀처럼 거의 아닌, 좀처럼 거의 않는=false=?
