424384449350991892
true
MEANS_5
15730
57
70
71
회복, 되찾음=true=recovery
쇠퇴하는, 소멸되는, 감소하는=true=declining
포식자, 육식동물=true=predator
무관심한=true=indifferent
인공의=true=artificial
먹이=true=preys
가치가 있는, 보람 있는=true=rewarding
쓰레기=true=garbage
특정한=true=particular
격려하다, 부추기다, 권장하다=true=encourage
화석 연료=true=fossil fuel
전문 지식, 전문 분야=true=expertise
평야, 초원=true=plain
전문가, 전문가의=true=expert
하이에나=true=hyena
막다, 예방하다=true=prevent
해양의, 바다의=true=marine
위기의, 심각한, 위태로운, 비판적인=true=critical
해마다, 일년에 한 번=true=annually
쐬기돌, 핵심=true=keystone
이주하다, 이동하다, 옮기다=true=migrate
필수적인=true=essential
대기, 공기=true=atmosphere
다양성=true=diversity
특히, 특별히, 유난히=true=especially
A에 대해 걱정되다, A가 걱정되다=true=worried about A
안도하는, 다행으로 여기는=true=relieved
홍합, 담치=true=mussel
아치=true=arch
중대하게=true=significantly
생태계=true=ecosystem
멸종 위기에 처한=true=endangered
독성의, 독극물의, 유독성의=true=toxic
기부하다, 기증하다, 후원하다=true=donate
탄소=true=carbon
유지하다=true=maintain
영감=true=inspiration
식료품점=true=grocery store
종=true=species
영양소, 영양분=true=nutrient
놀이공원=true=amusement park
A뿐만 아니라 B도=true=not only A but also B
균형=true=balance
공룡=true=dinosaur
미세 먼지=true=fine dust
확인된, 인정된, 식별된=true=identified
붕괴하다=true=collapse
기쁨, 재미, 즐거움, 기쁜 일=true=pleasure
폐=true=lung
동물학=true=zoology
피난처, 대피소, 보호소=true=shelter
영감을 주다=true=inspire
A하는 것이 중요하다, A하는 게 중요하다=true=be important to A
재빨리, 신속히=true=rapidly
방해하다, 교란시키다, 교란하다, 건드리다, 불안하게 하다=true=disturb
오염=true=pollution
관찰하다=true=observe
영양=false=antrope
제거하다, 삭제하다, 치우다=true=remove
대중의 인식=true=public awareness
보호하다, 보장하다=true=protect
매립지, 쓰레기 매립지=true=landfill
교수=true=professor
흩뿌리다, 펼치다, 확산시키다, 퍼트리다=true=spread
기간, 시대, 시기, 주기=true=period
파괴하다=true=destroy
재활용하다=true=recycle
~에 집중하다, ~에 주력하다, ~에 초점을 맞추다=true=focus on
용어, 학기, 기간=true=term
편리한=true=convenient
상의하다, 논의하다, 논하다, 의논하다, 토론하다=true=discuss
