524868734054039554
false
LETTER_6
4391
6
34
54
circumstance=false=?
renew=true=갱신하다
choir=true=합창단
exhibition=false=?
performance=true=공연
inspiration=true=영감
among=false=~곳에
release=true=출시하다
despite=false=?
bond=true=유대감
along=true=함께
pure=true=순수한
zoom in=true=확대하다
alone=true=혼자
inspire=false=영감을 얻다
be moved=false=감동하다
impressionist=false=파의
background=true=배경
perform=true=공연하다
even=true=심지어
conclusion=false=?
electronic=true=전자의
connectivity=true=연결성
call=true=호출하다
choral=true=합창의
prefer=true=선호하다
modern=true=현대적인
bring ~ together=false=합치다
composer=true=작곡가
marriage=true=결합
thousands of=true=수천의
put together=true=합치다
on one's own=true=혼자서
post=false=공개하다
in person=true=직접
sent out a call=false=전화 없이 보냈다
touched=true=감동받다
zoom out=false=확대하다
seldom=false=?
circumstances=false=커리큘럼
row=true=열
soul=true=영혼
virtual=true=가상의
appreciate=true=감사하다
comport=false=?
conduct=true=지휘하다
participant=true=참가자
go through=false=통하다
audience=false=?
go to any length to=false=~에 온 힘을 다하다
virtual reality=true=가상현실
feature=false=연기자
composition=true=작곡
asleep=false=잠을 자는
