934837603344220201
true
LETTER_6
1826
8
14
56
?
exhibition=true=전시회
bond=true=유대
composition=true=작곡
choir=true=합창단
prefer=true=선호하다
conduct=true=지휘하다
connectivity=true=연결성
put together=true=합치다
despite=false=~에 불구하고
electronic=true=전자의
Have you heard about A=false=A에 대해서 들어봤니?
seldom=false=?
call=true=부르다
in person=true=직접
virtual reality=true=가상현실
pure=true=순수한
zoom out=false=확대하다
be moved=false=엄
among=false=ㅓ
feature=true=주연하다
marriage=.= 
impressionist=.= 
soul=.= 
renew=.= 
appreciate=.= 
circumstances=.= 
along=.= 
thousands of=.= 
audience=.= 
zoom in=.= 
performance=.= 
even=.= 
background=.= 
alone=.= 
perform=.= 
participant=.= 
go through=.= 
inspire=.= 
go to any length to=.= 
Which do you prefer A or B=.= 
row=.= 
modern=.= 
circumstance=.= 
touched=.= 
post=.= 
composer=.= 
release=.= 
asleep=.= 
comport=.= 
virtual=.= 
bring ~ together=.= 
choral=.= 
sent out a call=.= 
conclusion=.= 
on one's own=.= 
inspiration=.= 
