524868734054039554
false
LETTER_5
5669
13
43
69
spread=true=펼치다
observe=true=관찰하다
significantly=false=상당히
fine dust=true=미세 먼지
essential=false=필요한
landfill=true=매립지
atmosphere=true=대기
focus on=true=~에 집중하다
migrate=true=이주하다
arch=true=아치
antelope=true=영양
zoology=true=동물학
protect=true=보호하다
relieved=false=살아나다
predator=false=ㅍㅗㅅㅣㄱㅈㅏ
endangered=true=멸종위기에 처한
rewarding=true=가치가 있는
donate=true=기부하다
public awareness=false=ㅈ\
garbage=true=쓰레기
Not only A but also B=true=A뿐만 아니라 B도
toxic=true=독성의
encourage=false=장려하다
dinosaur=true=공룡
expert=true=전문가
grocery store=true=식료품점
amusement park=true=놀이공원
particular=true=특정한
indifferent=true=무관심한
keystone=false=핵심종
artificial=false=인공적인
nutrient=true=영양소
maintain=false=포함하다
species=false=종들
inspire=false=영감을 받다
disturb=true=방해하다
diversity=false=다양한
inspiration=true=영감
declining=false=ㅣ
plain=true=평야
convenient=true=편리한
carbon=false=C
mussel=true=홍합
recycle=true=재활용하다
destroy=true=파괴하다
period=true=기간
annually=true=해마다
term=true=용어
balance=true=균형
ecosystem=true=생태계
fossil fuel=true=화석 연료
professor=true=교수
discuss=true=논의하다
lung=true=폐
preys=true=먹이
critical=false=치명적인
remove=true=제거하다
pollution=true=오염
identified=.= 
collapse=.= 
prevent=.= 
recovery=.= 
rapidly=.= 
expertise=.= 
pleasure=.= 
shelter=.= 
hyena=.= 
marine=.= 
especially=.= 
