424384449350991892
false
LETTER_5
7774
13
58
64
?
rapidly=true=재빨리
nutrient=true=영양소
toxic=true=독성의
atmosphere=true=대기
pollution=true=오염
arch=true=아치
inspire=true=영감을 주다
balance=true=균형
remove=true=제거하다
donate=true=기부하다
recycle=false=재활용
critical=false=치명적인
artificial=true=인공의
significantly=true=중대하게
rewarding=true=가치가 있는
Not just A but also B=true=A뿐만 아니라 B도
inspiration=true=영감
antelope=true=영양
predator=true=육식동물
lung=true=폐
protect=true=보호하다
preys=true=먹이
recovery=true=회복
garbage=true=쓰레기
species=true=종
declining=false=쇠퇴
term=true=용어
annually=true=해마다
maintain=true=유지하다
diversity=true=다양성
convenient=true=편리한
expertise=false=전문가
observe=true=관찰하다
period=true=기간
identified=true=식별된
shelter=true=피난처
carbon=true=탄소
fossil fuel=true=화석연료
marine=true=해양의
landfill=true=매립지
endangered=true=멸종 위기에 처한
amusement park=true=놀이공원
grocery store=true=식료품점
focus on=false=집중하다
essential=true=필수적인
spread=true=펼치다
mussel=true=홍합
prevent=true=예방하다
migrate=true=이주하다
disturb=true=방해하다
expert=false=전문자
plain=true=평야
dinosaur=true=공룡
ecosystem=true=생태계
professor=true=교수
fine dust=true=미세 먼지
public awareness=true=대중의 인식
collapse=true=붕괴하다
zoology=true=동물학
indifferent=true=무관심한
discuss=true=논하다
keystone=true=핵심
hyena=true=하이에나
destroy=true=파괴하다
