424384449350991892
true
MEANS_6
6840
17
48
55
?
심지어=true=even
중요한 역할을 하다, 주연하다=true=feature
게시하다=true=post
사정, 상황=true=circumstances
감사하다=true=appreciate
현대적인, 현대의=true=modern
좀처럼 않는, 좀처럼 거의 아닌, 좀처럼 거의 않는=true=seldom
합창의=true=choral
축소하다=true=zoom out
확대하다=true=zoom in
요청했다=true=sent out a call
작곡=true=composition
연결성=true=connectivity
전자의=true=electronic
순수한, 깨끗한=true=pure
갱신하다=true=renew
결합, 결혼=true=marriage
감동받다, 감명을 받다, 감명받다=false=be moved
함께=true=along
발표하다, 출시하다, 공개하다, 석방하다, 해방하다, 놓아주다, 발간하다=true=release
사람, 영혼, 혼, 마음, 정신=true=soul
부르다, 전화하다, 연락하다, 호출하다=true=call
유대, 유대감=true=bond
혼자, 혼자서=true=alone
환경, 형편=true=circumstance
겪다, 경험하다=true=go through
지휘하다, 수행하다=true=conduct
~하기 위해 무엇이든 하다, 모든 노력을 다하다=true=go to any length to
~에도 불구하고=true=despite
잠이 든, 자고 있는=true=asleep
참가자=true=participant
합창단, 성가대=true=choir
A에 대해 들어본 적 있나요?, A에 대해 들어보셨나요?=true=have you heard about A
A와 B중 무엇을 더 선호하시나요?=true=which do you prefer A or B
인상파의=true=impressionist
영감=false=inspirasion
직접=true=in person
결론, 결말=false=result
전시회=true=exhibition
작곡가=true=composer
열, 줄=true=row
선호하다, 좋아하다=true=prefer
공연하다=false=performance
영감을 주다=true=inspire
가상현실=false=virtual
공연, 수행=true=performance
수천의, 수천가지의, 수천개의=false=thousand of
행동하다=true=comport
가상의=true=virtual
혼자서, 스스로=true=on one's own
결합하다, 하나로 모으다=false=put together
청중, 관중=true=audience
배경=true=background
합하다, 합치다=true=put together
~에 둘러싸인, ~가운데, ~중에, 중에서, ~간에=true=among
