424384449350991892
true
MEANS_5
8316
16
62
71
?
동물학=true=zoology
인공의=true=artificial
해양의, 바다의=true=marine
평야, 초원=true=plain
교수=true=professor
영양=false=antrope
격려하다, 부추기다, 권장하다=false=encorage
대기, 공기=true=atmosphere
편리한=true=convenient
~에 집중하다, ~에 주력하다, ~에 초점을 맞추다=true=focus on
방해하다, 교란시키다, 교란하다, 건드리다, 불안하게 하다=true=disturb
제거하다, 삭제하다, 치우다=true=remove
안도하는, 다행으로 여기는=false=??
무관심한=true=indifferent
공룡=true=dinosaur
균형=true=balance
유지하다=true=maintain
대중의 인식=true=public awareness
위기의, 심각한, 위태로운, 비판적인=true=critical
식료품점=true=grocery store
영양소, 영양분=true=nutrient
먹이=true=preys
A에 대해 걱정되다, A가 걱정되다=false=be worried about A
다양성=true=diversity
탄소=true=carbon
기부하다, 기증하다, 후원하다=true=donate
아치=true=arch
가치가 있는, 보람 있는=true=rewarding
화석 연료=true=fossil fuel
보호하다, 보장하다=true=protect
오염=false=polution
포식자, 육식동물=true=predator
쐬기돌, 핵심=true=keystone
쓰레기=true=garbage
영감을 주다=true=inspire
관찰하다=true=observe
미세 먼지=true=fine dust
재빨리, 신속히=true=rapidly
쇠퇴하는, 소멸되는, 감소하는=true=declining
전문 지식, 전문 분야=true=expertise
A뿐만 아니라 B도=false=not just A but also B
전문가, 전문가의=true=expert
하이에나=true=hyena
특히, 특별히, 유난히=true=especially
확인된, 인정된, 식별된=true=identified
홍합, 담치=true=mussel
필수적인=true=essential
흩뿌리다, 펼치다, 확산시키다, 퍼트리다=true=spread
놀이공원=true=amusement park
영감=true=inspiration
회복, 되찾음=true=recovery
매립지, 쓰레기 매립지=true=landfill
중대하게=true=significantly
붕괴하다=true=collapse
멸종 위기에 처한=true=endangered
기간, 시대, 시기, 주기=true=period
A하는 것이 중요하다, A하는 게 중요하다=true=be important to A
기쁨, 재미, 즐거움, 기쁜 일=false=happy
용어, 학기, 기간=true=term
폐=true=lung
피난처, 대피소, 보호소=true=shelter
상의하다, 논의하다, 논하다, 의논하다, 토론하다=true=discuss
막다, 예방하다=true=prevent
파괴하다=false=distroy
독성의, 독극물의, 유독성의=true=toxic
종=true=species
해마다, 일년에 한 번=true=annually
재활용하다=true=recycle
이주하다, 이동하다, 옮기다=true=migrate
생태계=true=ecosystem
특정한=false=?
